Determining if the Q_WS_WIN exist failed with the following output:
Change Dir: /home/tsen/Desktop/mSinko/Lab_3/build/CMakeFiles/CMakeTmp

Run Build Command:/usr/bin/make "cmTryCompileExec80235502/fast"
/usr/bin/make -f CMakeFiles/cmTryCompileExec80235502.dir/build.make CMakeFiles/cmTryCompileExec80235502.dir/build
make[1]: Entering directory `/home/tsen/Desktop/mSinko/Lab_3/build/CMakeFiles/CMakeTmp'
/usr/bin/cmake -E cmake_progress_report /home/tsen/Desktop/mSinko/Lab_3/build/CMakeFiles/CMakeTmp/CMakeFiles 1
Building CXX object CMakeFiles/cmTryCompileExec80235502.dir/CheckSymbolExists.cxx.o
/usr/bin/c++    -I/usr/include/qt4    -o CMakeFiles/cmTryCompileExec80235502.dir/CheckSymbolExists.cxx.o -c /home/tsen/Desktop/mSinko/Lab_3/build/CMakeFiles/CMakeTmp/CheckSymbolExists.cxx
/home/tsen/Desktop/mSinko/Lab_3/build/CMakeFiles/CMakeTmp/CheckSymbolExists.cxx: In function ‘int main(int, char**)’:
/home/tsen/Desktop/mSinko/Lab_3/build/CMakeFiles/CMakeTmp/CheckSymbolExists.cxx:8:19: error: ‘Q_WS_WIN’ was not declared in this scope
   return ((int*)(&Q_WS_WIN))[argc];
                   ^
make[1]: *** [CMakeFiles/cmTryCompileExec80235502.dir/CheckSymbolExists.cxx.o] Error 1
make[1]: Leaving directory `/home/tsen/Desktop/mSinko/Lab_3/build/CMakeFiles/CMakeTmp'
make: *** [cmTryCompileExec80235502/fast] Error 2

File /home/tsen/Desktop/mSinko/Lab_3/build/CMakeFiles/CMakeTmp/CheckSymbolExists.cxx:
/* */
#include <QtCore/qglobal.h>

int main(int argc, char** argv)
{
  (void)argv;
#ifndef Q_WS_WIN
  return ((int*)(&Q_WS_WIN))[argc];
#else
  (void)argc;
  return 0;
#endif
}

Determining if the Q_WS_QWS exist failed with the following output:
Change Dir: /home/tsen/Desktop/mSinko/Lab_3/build/CMakeFiles/CMakeTmp

Run Build Command:/usr/bin/make "cmTryCompileExec1681175312/fast"
/usr/bin/make -f CMakeFiles/cmTryCompileExec1681175312.dir/build.make CMakeFiles/cmTryCompileExec1681175312.dir/build
make[1]: Entering directory `/home/tsen/Desktop/mSinko/Lab_3/build/CMakeFiles/CMakeTmp'
/usr/bin/cmake -E cmake_progress_report /home/tsen/Desktop/mSinko/Lab_3/build/CMakeFiles/CMakeTmp/CMakeFiles 1
Building CXX object CMakeFiles/cmTryCompileExec1681175312.dir/CheckSymbolExists.cxx.o
/usr/bin/c++    -I/usr/include/qt4    -o CMakeFiles/cmTryCompileExec1681175312.dir/CheckSymbolExists.cxx.o -c /home/tsen/Desktop/mSinko/Lab_3/build/CMakeFiles/CMakeTmp/CheckSymbolExists.cxx
/home/tsen/Desktop/mSinko/Lab_3/build/CMakeFiles/CMakeTmp/CheckSymbolExists.cxx: In function ‘int main(int, char**)’:
/home/tsen/Desktop/mSinko/Lab_3/build/CMakeFiles/CMakeTmp/CheckSymbolExists.cxx:8:19: error: ‘Q_WS_QWS’ was not declared in this scope
   return ((int*)(&Q_WS_QWS))[argc];
                   ^
make[1]: *** [CMakeFiles/cmTryCompileExec1681175312.dir/CheckSymbolExists.cxx.o] Error 1
make[1]: Leaving directory `/home/tsen/Desktop/mSinko/Lab_3/build/CMakeFiles/CMakeTmp'
make: *** [cmTryCompileExec1681175312/fast] Error 2

File /home/tsen/Desktop/mSinko/Lab_3/build/CMakeFiles/CMakeTmp/CheckSymbolExists.cxx:
/* */
#include <QtCore/qglobal.h>

int main(int argc, char** argv)
{
  (void)argv;
#ifndef Q_WS_QWS
  return ((int*)(&Q_WS_QWS))[argc];
#else
  (void)argc;
  return 0;
#endif
}

Determining if the Q_WS_MAC exist failed with the following output:
Change Dir: /home/tsen/Desktop/mSinko/Lab_3/build/CMakeFiles/CMakeTmp

Run Build Command:/usr/bin/make "cmTryCompileExec1923348423/fast"
/usr/bin/make -f CMakeFiles/cmTryCompileExec1923348423.dir/build.make CMakeFiles/cmTryCompileExec1923348423.dir/build
make[1]: Entering directory `/home/tsen/Desktop/mSinko/Lab_3/build/CMakeFiles/CMakeTmp'
/usr/bin/cmake -E cmake_progress_report /home/tsen/Desktop/mSinko/Lab_3/build/CMakeFiles/CMakeTmp/CMakeFiles 1
Building CXX object CMakeFiles/cmTryCompileExec1923348423.dir/CheckSymbolExists.cxx.o
/usr/bin/c++    -I/usr/include/qt4    -o CMakeFiles/cmTryCompileExec1923348423.dir/CheckSymbolExists.cxx.o -c /home/tsen/Desktop/mSinko/Lab_3/build/CMakeFiles/CMakeTmp/CheckSymbolExists.cxx
/home/tsen/Desktop/mSinko/Lab_3/build/CMakeFiles/CMakeTmp/CheckSymbolExists.cxx: In function ‘int main(int, char**)’:
/home/tsen/Desktop/mSinko/Lab_3/build/CMakeFiles/CMakeTmp/CheckSymbolExists.cxx:8:19: error: ‘Q_WS_MAC’ was not declared in this scope
   return ((int*)(&Q_WS_MAC))[argc];
                   ^
make[1]: *** [CMakeFiles/cmTryCompileExec1923348423.dir/CheckSymbolExists.cxx.o] Error 1
make[1]: Leaving directory `/home/tsen/Desktop/mSinko/Lab_3/build/CMakeFiles/CMakeTmp'
make: *** [cmTryCompileExec1923348423/fast] Error 2

File /home/tsen/Desktop/mSinko/Lab_3/build/CMakeFiles/CMakeTmp/CheckSymbolExists.cxx:
/* */
#include <QtCore/qglobal.h>

int main(int argc, char** argv)
{
  (void)argv;
#ifndef Q_WS_MAC
  return ((int*)(&Q_WS_MAC))[argc];
#else
  (void)argc;
  return 0;
#endif
}

